<?xml version="1.0" encoding="UTF-8"?>
<!-- Generated by org.testng.reporters.JUnitXMLReporter -->
<testsuite ignored="0" hostname="DESKTOP-5NN2GMC" failures="0" tests="5" name="Test" time="40.994" errors="0" timestamp="2024-01-13T16:00:57 IST">
  <testcase classname="testPackage.ValidLoginTestCase" name="validLoginMethod" time="0.578"/>
  <testcase classname="testPackage.InValidLoginTestCase" name="invalidLoginMethod" time="6.583"/>
  <testcase classname="testPackage.CeateNewCustomers_ProjectsTestCase" name="createNewCustomers_Projects" time="8.373"/>
  <testcase classname="testPackage.CreateNewUsersTestCase" name="createValidNewUsersMethod" time="6.059"/>
  <testcase classname="testPackage.DeleteAllTestCase" name="deleteMethod" time="3.936"/>
</testsuite> <!-- Test -->
